2025-05-27 19:00:11,160 INFO o.a.j.u.JMeterUtils: Setting Locale to zh_CN
2025-05-27 19:00:11,223 INFO o.a.j.JMeter: Loading user properties from: /Users/zens/WorkSpace/apache-jmeter-5.3/bin/user.properties
2025-05-27 19:00:11,224 INFO o.a.j.JMeter: Loading system properties from: /Users/zens/WorkSpace/apache-jmeter-5.3/bin/system.properties
2025-05-27 19:00:11,229 INFO o.a.j.JMeter: Copyright (c) 1998-2018 The Apache Software Foundation
2025-05-27 19:00:11,229 INFO o.a.j.JMeter: Version 4.0 r1823414
2025-05-27 19:00:11,229 INFO o.a.j.JMeter: java.version=1.8.0_261
2025-05-27 19:00:11,229 INFO o.a.j.JMeter: java.vm.name=Java HotSpot(TM) 64-Bit Server VM
2025-05-27 19:00:11,229 INFO o.a.j.JMeter: os.name=Mac OS X
2025-05-27 19:00:11,229 INFO o.a.j.JMeter: os.arch=x86_64
2025-05-27 19:00:11,229 INFO o.a.j.JMeter: os.version=10.16
2025-05-27 19:00:11,230 INFO o.a.j.JMeter: file.encoding=UTF-8
2025-05-27 19:00:11,230 INFO o.a.j.JMeter: Max memory     =1073741824
2025-05-27 19:00:11,230 INFO o.a.j.JMeter: Available Processors =8
2025-05-27 19:00:11,233 INFO o.a.j.JMeter: Default Locale=English (EN)
2025-05-27 19:00:11,233 INFO o.a.j.JMeter: JMeter  Locale=Chinese (China)
2025-05-27 19:00:11,233 INFO o.a.j.JMeter: JMeterHome=/Users/zens/WorkSpace/apache-jmeter-5.3
2025-05-27 19:00:11,234 INFO o.a.j.JMeter: user.dir  =/Users/zens/WorkSpace/github-code/AutoTest
2025-05-27 19:00:11,234 INFO o.a.j.JMeter: PWD       =/Users/zens/WorkSpace/github-code/AutoTest
2025-05-27 19:00:11,247 INFO o.a.j.JMeter: IP: 192.168.18.24 Name: bogon FullName: bogon
2025-05-27 19:00:13,024 INFO o.a.j.g.a.LookAndFeelCommand: Installing Darcula LAF
2025-05-27 19:00:13,038 INFO o.a.j.g.a.LookAndFeelCommand: Using look and feel: com.bulenkov.darcula.DarculaLaf [Darcula]
2025-05-27 19:00:13,038 INFO o.a.j.JMeter: Setting LAF to: com.bulenkov.darcula.DarculaLaf
2025-05-27 19:00:13,038 WARN o.a.j.JMeter: Could not set LAF to: com.bulenkov.darcula.DarculaLaf
java.lang.ClassNotFoundException: com.bulenkov.darcula.DarculaLaf
	at java.net.URLClassLoader.findClass(URLClassLoader.java:382) ~[?:1.8.0_261]
	at java.lang.ClassLoader.loadClass(ClassLoader.java:418) ~[?:1.8.0_261]
	at java.lang.ClassLoader.loadClass(ClassLoader.java:351) ~[?:1.8.0_261]
	at java.lang.Class.forName0(Native Method) ~[?:1.8.0_261]
	at java.lang.Class.forName(Class.java:348) ~[?:1.8.0_261]
	at javax.swing.SwingUtilities.loadSystemClass(SwingUtilities.java:1879) ~[?:1.8.0_261]
	at javax.swing.UIManager.setLookAndFeel(UIManager.java:582) ~[?:1.8.0_261]
	at org.apache.jmeter.JMeter.startGui(JMeter.java:361) [ApacheJMeter_core.jar:5.3]
	at org.apache.jmeter.JMeter.start(JMeter.java:524) [ApacheJMeter_core.jar:5.3]
	at sun.reflect.NativeMethodAccessorImpl.invoke0(Native Method) ~[?:1.8.0_261]
	at sun.reflect.NativeMethodAccessorImpl.invoke(NativeMethodAccessorImpl.java:62) ~[?:1.8.0_261]
	at sun.reflect.DelegatingMethodAccessorImpl.invoke(DelegatingMethodAccessorImpl.java:43) ~[?:1.8.0_261]
	at java.lang.reflect.Method.invoke(Method.java:498) ~[?:1.8.0_261]
	at org.apache.jmeter.NewDriver.main(NewDriver.java:252) [ApacheJMeter.jar:5.3]
2025-05-27 19:00:13,045 INFO o.a.j.JMeter: Loaded icon properties from org/apache/jmeter/images/icon.properties
2025-05-27 19:00:14,793 INFO o.a.j.e.u.CompoundVariable: Note: Function class names must contain the string: '.functions.'
2025-05-27 19:00:14,793 INFO o.a.j.e.u.CompoundVariable: Note: Function class names must not contain the string: '.gui.'
2025-05-27 19:00:18,965 WARN o.j.r.Plugin: Unable to load class: kg.apc.jmeter.vizualizers.ResponseTimesOverTimeGui
java.lang.NoClassDefFoundError: kg/apc/jmeter/graphs/AbstractOverTimeVisualizer
	at java.lang.ClassLoader.defineClass1(Native Method) ~[?:1.8.0_261]
	at java.lang.ClassLoader.defineClass(ClassLoader.java:756) ~[?:1.8.0_261]
	at java.security.SecureClassLoader.defineClass(SecureClassLoader.java:142) ~[?:1.8.0_261]
	at java.net.URLClassLoader.defineClass(URLClassLoader.java:468) ~[?:1.8.0_261]
	at java.net.URLClassLoader.access$100(URLClassLoader.java:74) ~[?:1.8.0_261]
	at java.net.URLClassLoader$1.run(URLClassLoader.java:369) ~[?:1.8.0_261]
	at java.net.URLClassLoader$1.run(URLClassLoader.java:363) ~[?:1.8.0_261]
	at java.security.AccessController.doPrivileged(Native Method) ~[?:1.8.0_261]
	at java.net.URLClassLoader.findClass(URLClassLoader.java:362) ~[?:1.8.0_261]
	at java.lang.ClassLoader.loadClass(ClassLoader.java:418) ~[?:1.8.0_261]
	at java.lang.ClassLoader.loadClass(ClassLoader.java:351) ~[?:1.8.0_261]
	at org.jmeterplugins.repository.Plugin.getJARPath(Plugin.java:174) [jmeter-plugins-manager-0.10.jar:?]
	at org.jmeterplugins.repository.Plugin.detectInstalledPlugin(Plugin.java:88) [jmeter-plugins-manager-0.10.jar:?]
	at org.jmeterplugins.repository.Plugin.detectInstalled(Plugin.java:77) [jmeter-plugins-manager-0.10.jar:?]
	at org.jmeterplugins.repository.PluginManager.load(PluginManager.java:92) [jmeter-plugins-manager-0.10.jar:?]
	at org.jmeterplugins.repository.PluginManagerMenuItem.<init>(PluginManagerMenuItem.java:22) [jmeter-plugins-manager-0.10.jar:?]
	at org.jmeterplugins.repository.PluginManagerMenuCreator.getMenuItemsAtLocation(PluginManagerMenuCreator.java:22) [jmeter-plugins-manager-0.10.jar:?]
	at org.apache.jmeter.gui.util.JMeterMenuBar.addPluginsMenuItems(JMeterMenuBar.java:542) [ApacheJMeter_core.jar:4.0 r1823414]
	at org.apache.jmeter.gui.util.JMeterMenuBar.makeOptionsMenu(JMeterMenuBar.java:314) [ApacheJMeter_core.jar:4.0 r1823414]
	at org.apache.jmeter.gui.util.JMeterMenuBar.createMenuBar(JMeterMenuBar.java:197) [ApacheJMeter_core.jar:4.0 r1823414]
	at org.apache.jmeter.gui.util.JMeterMenuBar.<init>(JMeterMenuBar.java:112) [ApacheJMeter_core.jar:4.0 r1823414]
	at org.apache.jmeter.gui.MainFrame.init(MainFrame.java:492) [ApacheJMeter_core.jar:4.0 r1823414]
	at org.apache.jmeter.gui.MainFrame.<init>(MainFrame.java:221) [ApacheJMeter_core.jar:4.0 r1823414]
	at org.apache.jmeter.JMeter.startGui(JMeter.java:378) [ApacheJMeter_core.jar:5.3]
	at org.apache.jmeter.JMeter.start(JMeter.java:524) [ApacheJMeter_core.jar:5.3]
	at sun.reflect.NativeMethodAccessorImpl.invoke0(Native Method) ~[?:1.8.0_261]
	at sun.reflect.NativeMethodAccessorImpl.invoke(NativeMethodAccessorImpl.java:62) ~[?:1.8.0_261]
	at sun.reflect.DelegatingMethodAccessorImpl.invoke(DelegatingMethodAccessorImpl.java:43) ~[?:1.8.0_261]
	at java.lang.reflect.Method.invoke(Method.java:498) ~[?:1.8.0_261]
	at org.apache.jmeter.NewDriver.main(NewDriver.java:252) [ApacheJMeter.jar:5.3]
Caused by: java.lang.ClassNotFoundException: kg.apc.jmeter.graphs.AbstractOverTimeVisualizer
	at java.net.URLClassLoader.findClass(URLClassLoader.java:382) ~[?:1.8.0_261]
	at java.lang.ClassLoader.loadClass(ClassLoader.java:418) ~[?:1.8.0_261]
	at java.lang.ClassLoader.loadClass(ClassLoader.java:351) ~[?:1.8.0_261]
	... 30 more
2025-05-27 19:00:18,985 INFO o.j.r.PluginManager: Plugins Status: [jpgc-plugins-manager=0.10, jmeter-core=4.0, jmeter-ftp=4.0, jmeter-http=4.0, jmeter-jdbc=4.0, jmeter-jms=4.0, jmeter-junit=4.0, jmeter-java=4.0, jmeter-ldap=4.0, jmeter-mail=4.0, jmeter-mongodb=4.0, jmeter-native=4.0, jmeter-tcp=4.0, jmeter-components=4.0]
2025-05-27 19:00:19,748 INFO c.a.d.c.l.LoggerFactory: using logger: com.alibaba.dubbo.common.logger.log4j.Log4jLoggerAdapter
2025-05-27 19:00:20,182 INFO o.a.j.p.h.s.HTTPSamplerBase: Parser for text/html is org.apache.jmeter.protocol.http.parser.LagartoBasedHtmlParser
2025-05-27 19:00:20,182 INFO o.a.j.p.h.s.HTTPSamplerBase: Parser for application/xhtml+xml is org.apache.jmeter.protocol.http.parser.LagartoBasedHtmlParser
2025-05-27 19:00:20,182 INFO o.a.j.p.h.s.HTTPSamplerBase: Parser for application/xml is org.apache.jmeter.protocol.http.parser.LagartoBasedHtmlParser
2025-05-27 19:00:20,182 INFO o.a.j.p.h.s.HTTPSamplerBase: Parser for text/xml is org.apache.jmeter.protocol.http.parser.LagartoBasedHtmlParser
2025-05-27 19:00:20,182 INFO o.a.j.p.h.s.HTTPSamplerBase: Parser for text/vnd.wap.wml is org.apache.jmeter.protocol.http.parser.RegexpHTMLParser
2025-05-27 19:00:20,182 INFO o.a.j.p.h.s.HTTPSamplerBase: Parser for text/css is org.apache.jmeter.protocol.http.parser.CssParser
2025-05-27 19:00:20,488 INFO o.a.j.e.KeyToolUtils: keytool found at 'keytool'
2025-05-27 19:00:20,489 INFO o.a.j.p.h.p.ProxyControl: HTTP(S) Test Script Recorder SSL Proxy will use keys that support embedded 3rd party resources in file /Users/zens/WorkSpace/apache-jmeter-5.3/bin/proxyserver.jks
2025-05-27 19:00:20,886 INFO o.a.j.s.FileServer: Default base='/Users/zens/WorkSpace/github-code/AutoTest'
2025-05-27 19:00:21,167 INFO o.a.j.s.SampleResult: Note: Sample TimeStamps are START times
2025-05-27 19:00:21,167 INFO o.a.j.s.SampleResult: sampleresult.default.encoding is set to ISO-8859-1
2025-05-27 19:00:21,167 INFO o.a.j.s.SampleResult: sampleresult.useNanoTime=true
2025-05-27 19:00:21,167 INFO o.a.j.s.SampleResult: sampleresult.nanoThreadSleep=5000
